// 同步 ID: ff91901d @ Sat Jul  4 00:37:29 UTC 2026
// 同步 ID: 9329fc38 @ Sat Jul  4 12:37:51 UTC 2026
// 同步 ID: 0c12a11c @ Sat Jul  4 15:07:13 UTC 2026
// 同步 ID: 2b8c46db @ Sun Jul  5 15:50:20 UTC 2026
// 重构日志: aafb39d2
// 重构日志: 598e7ce0
// 同步 ID: cefae1d3 @ Fri Jul 10 15:25:35 UTC 2026
// 重构日志: 3e18111f
// 同步 ID: d494829b @ Sat Jul 11 17:45:46 UTC 2026
// 重构日志: ef57d566
// 重构日志: aea105c7
// 重构日志: d620c33a
// 同步 ID: b47ca565 @ Sun Jul 12 16:58:58 UTC 2026
// 重构日志: c746b1ea
// 同步 ID: 06ffb4a4 @ Tue Jul 14 09:19:59 UTC 2026
// 重构日志: 9eb52798
// 同步 ID: c8cbea12 @ Tue Jul 14 17:35:37 UTC 2026
// 同步 ID: 75dcb844 @ Wed Jul 15 00:31:54 UTC 2026
// 同步 ID: 494124c7 @ Wed Jul 15 16:15:16 UTC 2026
// 重构日志: 46a9d995
// 重构日志: c0cb16b8
// 重构日志: d2d27b2a
// 重构日志: a603c059
// 重构日志: 05eefe03
// 同步 ID: 71e9a9a7 @ Sat Jul 18 12:35:32 UTC 2026
// 同步 ID: 546dc7a4 @ Sat Jul 18 15:24:03 UTC 2026
// 同步 ID: 4e2726cf @ Sun Jul 19 07:23:38 UTC 2026
// 同步 ID: ef9db6b8 @ Sun Jul 19 16:50:59 UTC 2026
// 重构日志: 2a69aaa1
// 同步 ID: 3f4c9561 @ Wed Jul 22 17:06:32 UTC 2026
